[2021-11-24 16:08:40,458] [INFO] [app] [3659357082] NEW prediction
[2021-11-24 16:08:40,499] [INFO] [app] [3659357082] form parameters readed
[2021-11-24 16:08:40,845] [INFO] [_internal] 127.0.0.1 - - [24/Nov/2021 16:08:40] "[37mGET /forecast/2021-11-24 HTTP/1.1[0m" 200 -
[2021-11-24 16:08:40,848] [INFO] [app] [3659357082] meteo data received from AEMET
[2021-11-24 16:08:40,850] [INFO] [app] [3659357082] model input
[2021-11-24 16:08:40,850] [INFO] [app] [3659357082] [0, 2, 0, 0, 49, 0, 22, 1.39, 3, 2, 2, 70]
[2021-11-24 16:08:40,930] [INFO] [app] [3659357082] prediction executed
[2021-11-24 16:08:40,939] [INFO] [app] [3659357082] response:
[2021-11-24 16:08:40,940] [INFO] [app] [3659357082] [{"STOCK_CODE":"PESTCI4FLK","proba":0.889,"STOCK_NAME":"La Gomera Tour"},{"STOCK_CODE":"PESTCI4KNA","proba":0.051,"STOCK_NAME":"Mts. La Gomera"},{"STOCK_CODE":"XESTCIB2R4","proba":0.03,"STOCK_NAME":"Freebird"},{"STOCK_CODE":"XESTCI9VN2","proba":0.018,"STOCK_NAME":"Teide By Night And Romantic Tour Only For Adults "},{"STOCK_CODE":"PESTCI4IJM","proba":0.012,"STOCK_NAME":"Twin Tickets"},{"STOCK_CODE":"XESTCIB26W","proba":0.0,"STOCK_NAME":"San Miguel Castle"},{"STOCK_CODE":"XESTCIBSBI","proba":0.0,"STOCK_NAME":"Mts. Teide South"},{"STOCK_CODE":"XESTCIBPNI","proba":0.0,"STOCK_NAME":"Freebird (3H Vip Exclusive)"},{"STOCK_CODE":"XESTCIBO3U","proba":0.0,"STOCK_NAME":"Loro Express Exclusive"},{"STOCK_CODE":"XESTCIBIDK","proba":0.0,"STOCK_NAME":"Teide Half Day Exclusive"},{"STOCK_CODE":"XESTCIBCTW","proba":0.0,"STOCK_NAME":"Music Hall Tavern"},{"STOCK_CODE":"XESTCIBCSG","proba":0.0,"STOCK_NAME":"Teide Masca (Grand Tour)"},{"STOCK_CODE":"XESTCIB4FU","proba":0.0,"STOCK_NAME":"Teide National Park"},{"STOCK_CODE":"LESTCI4FWU","proba":0.0,"STOCK_NAME":"Loro Parque (Entrance)"},{"STOCK_CODE":"XESTCIB26U","proba":0.0,"STOCK_NAME":"Flipper Uno"},{"STOCK_CODE":"PESTCI6CBQ","proba":0.0,"STOCK_NAME":"Santa Cruz - La Laguna - Taganana"},{"STOCK_CODE":"PESTCI4SUG","proba":0.0,"STOCK_NAME":"Loro Parque Express"},{"STOCK_CODE":"PESTCI4IGS","proba":0.0,"STOCK_NAME":"Teleferico \/ Cable Car"},{"STOCK_CODE":"PESTCI4HYS","proba":0.0,"STOCK_NAME":"Gomera Safari Tour "},{"STOCK_CODE":"PESTCI4HYM","proba":0.0,"STOCK_NAME":"Jeep Safari Teide Masca Sur"},{"STOCK_CODE":"PESTCI4FXQ","proba":0.0,"STOCK_NAME":"Mts. Inselrundfahrt - Tour de Ile"},{"STOCK_CODE":"PESTCI4FNG","proba":0.0,"STOCK_NAME":"Royal Delfin"},{"STOCK_CODE":"PESTCI4FN8","proba":0.0,"STOCK_NAME":"Submarino Safari"},{"STOCK_CODE":"XESTCIC1JG","proba":0.0,"STOCK_NAME":"Teleferico Exclusive"}]
[2021-11-24 16:08:40,940] [INFO] [app] [3659357082] execution time (msec): 483
[2021-11-24 16:08:40,940] [INFO] [_internal] 127.0.0.1 - - [24/Nov/2021 16:08:40] "[37mPOST /predict HTTP/1.1[0m" 200 -
[2021-11-24 16:08:51,735] [INFO] [app] [3589678406] NEW prediction
[2021-11-24 16:08:51,744] [INFO] [app] [3589678406] form parameters readed
[2021-11-24 16:08:52,054] [INFO] [_internal] 127.0.0.1 - - [24/Nov/2021 16:08:52] "[37mGET /forecast/2021-11-24 HTTP/1.1[0m" 200 -
[2021-11-24 16:08:52,056] [INFO] [app] [3589678406] meteo data received from AEMET
[2021-11-24 16:08:52,058] [INFO] [app] [3589678406] model input
[2021-11-24 16:08:52,058] [INFO] [app] [3589678406] [0, 2, 0, 0, 49, 0, 22, 1.39, 3, 2, 2, 30]
[2021-11-24 16:08:52,117] [INFO] [app] [3589678406] prediction executed
[2021-11-24 16:08:52,120] [INFO] [app] [3589678406] response:
[2021-11-24 16:08:52,120] [INFO] [app] [3589678406] [{"STOCK_CODE":"PESTCI6CBQ","proba":0.492,"STOCK_NAME":"Santa Cruz - La Laguna - Taganana"},{"STOCK_CODE":"XESTCIBCSG","proba":0.102,"STOCK_NAME":"Teide Masca (Grand Tour)"},{"STOCK_CODE":"PESTCI4FXQ","proba":0.094,"STOCK_NAME":"Mts. Inselrundfahrt - Tour de Ile"},{"STOCK_CODE":"XESTCIB26U","proba":0.065,"STOCK_NAME":"Flipper Uno"},{"STOCK_CODE":"PESTCI4IGS","proba":0.052,"STOCK_NAME":"Teleferico \/ Cable Car"},{"STOCK_CODE":"XESTCIB4FU","proba":0.041,"STOCK_NAME":"Teide National Park"},{"STOCK_CODE":"XESTCIBSBI","proba":0.037,"STOCK_NAME":"Mts. Teide South"},{"STOCK_CODE":"PESTCI4FNG","proba":0.026,"STOCK_NAME":"Royal Delfin"},{"STOCK_CODE":"XESTCIC1JG","proba":0.024,"STOCK_NAME":"Teleferico Exclusive"},{"STOCK_CODE":"PESTCI4SUG","proba":0.02,"STOCK_NAME":"Loro Parque Express"},{"STOCK_CODE":"XESTCIB2R4","proba":0.016,"STOCK_NAME":"Freebird"},{"STOCK_CODE":"LESTCI4FWU","proba":0.013,"STOCK_NAME":"Loro Parque (Entrance)"},{"STOCK_CODE":"PESTCI4KNA","proba":0.007,"STOCK_NAME":"Mts. La Gomera"},{"STOCK_CODE":"XESTCIB26W","proba":0.005,"STOCK_NAME":"San Miguel Castle"},{"STOCK_CODE":"XESTCIBPNI","proba":0.005,"STOCK_NAME":"Freebird (3H Vip Exclusive)"},{"STOCK_CODE":"XESTCIBO3U","proba":0.001,"STOCK_NAME":"Loro Express Exclusive"},{"STOCK_CODE":"PESTCI4FLK","proba":0.0,"STOCK_NAME":"La Gomera Tour"},{"STOCK_CODE":"PESTCI4IJM","proba":0.0,"STOCK_NAME":"Twin Tickets"},{"STOCK_CODE":"PESTCI4HYS","proba":0.0,"STOCK_NAME":"Gomera Safari Tour "},{"STOCK_CODE":"PESTCI4HYM","proba":0.0,"STOCK_NAME":"Jeep Safari Teide Masca Sur"},{"STOCK_CODE":"XESTCIBCTW","proba":0.0,"STOCK_NAME":"Music Hall Tavern"},{"STOCK_CODE":"XESTCIBIDK","proba":0.0,"STOCK_NAME":"Teide Half Day Exclusive"},{"STOCK_CODE":"PESTCI4FN8","proba":0.0,"STOCK_NAME":"Submarino Safari"},{"STOCK_CODE":"XESTCI9VN2","proba":0.0,"STOCK_NAME":"Teide By Night And Romantic Tour Only For Adults "}]
[2021-11-24 16:08:52,120] [INFO] [app] [3589678406] execution time (msec): 385
[2021-11-24 16:08:52,121] [INFO] [_internal] 127.0.0.1 - - [24/Nov/2021 16:08:52] "[37mPOST /predict HTTP/1.1[0m" 200 -
[2021-11-24 17:03:11,892] [INFO] [app] [3337534723] NEW prediction
[2021-11-24 17:03:11,912] [INFO] [app] [3337534723] form parameters readed
[2021-11-24 17:03:12,280] [INFO] [_internal] 127.0.0.1 - - [24/Nov/2021 17:03:12] "[37mGET /forecast/2021-11-25 HTTP/1.1[0m" 200 -
[2021-11-24 17:03:12,282] [INFO] [app] [3337534723] meteo data received from AEMET
[2021-11-24 17:03:12,284] [INFO] [app] [3337534723] model input
[2021-11-24 17:03:12,284] [INFO] [app] [3337534723] [1, 2, 0, 0, 45, 0, 22, 4.17, 2, 2, 3, 150]
[2021-11-24 17:03:12,371] [INFO] [app] [3337534723] prediction executed
[2021-11-24 17:03:12,379] [INFO] [app] [3337534723] response:
[2021-11-24 17:03:12,379] [INFO] [app] [3337534723] [{"STOCK_CODE":"PESTCI4HYS","proba":0.994,"STOCK_NAME":"Gomera Safari Tour "},{"STOCK_CODE":"XESTCI9VN2","proba":0.006,"STOCK_NAME":"Teide By Night And Romantic Tour Only For Adults "},{"STOCK_CODE":"XESTCIB26U","proba":0.0,"STOCK_NAME":"Flipper Uno"},{"STOCK_CODE":"XESTCIBSBI","proba":0.0,"STOCK_NAME":"Mts. Teide South"},{"STOCK_CODE":"XESTCIBPNI","proba":0.0,"STOCK_NAME":"Freebird (3H Vip Exclusive)"},{"STOCK_CODE":"XESTCIBO3U","proba":0.0,"STOCK_NAME":"Loro Express Exclusive"},{"STOCK_CODE":"XESTCIBIDK","proba":0.0,"STOCK_NAME":"Teide Half Day Exclusive"},{"STOCK_CODE":"XESTCIBCTW","proba":0.0,"STOCK_NAME":"Music Hall Tavern"},{"STOCK_CODE":"XESTCIBCSG","proba":0.0,"STOCK_NAME":"Teide Masca (Grand Tour)"},{"STOCK_CODE":"XESTCIB4FU","proba":0.0,"STOCK_NAME":"Teide National Park"},{"STOCK_CODE":"XESTCIB2R4","proba":0.0,"STOCK_NAME":"Freebird"},{"STOCK_CODE":"XESTCIB26W","proba":0.0,"STOCK_NAME":"San Miguel Castle"},{"STOCK_CODE":"LESTCI4FWU","proba":0.0,"STOCK_NAME":"Loro Parque (Entrance)"},{"STOCK_CODE":"PESTCI4FLK","proba":0.0,"STOCK_NAME":"La Gomera Tour"},{"STOCK_CODE":"PESTCI6CBQ","proba":0.0,"STOCK_NAME":"Santa Cruz - La Laguna - Taganana"},{"STOCK_CODE":"PESTCI4SUG","proba":0.0,"STOCK_NAME":"Loro Parque Express"},{"STOCK_CODE":"PESTCI4KNA","proba":0.0,"STOCK_NAME":"Mts. La Gomera"},{"STOCK_CODE":"PESTCI4IJM","proba":0.0,"STOCK_NAME":"Twin Tickets"},{"STOCK_CODE":"PESTCI4IGS","proba":0.0,"STOCK_NAME":"Teleferico \/ Cable Car"},{"STOCK_CODE":"PESTCI4HYM","proba":0.0,"STOCK_NAME":"Jeep Safari Teide Masca Sur"},{"STOCK_CODE":"PESTCI4FXQ","proba":0.0,"STOCK_NAME":"Mts. Inselrundfahrt - Tour de Ile"},{"STOCK_CODE":"PESTCI4FNG","proba":0.0,"STOCK_NAME":"Royal Delfin"},{"STOCK_CODE":"PESTCI4FN8","proba":0.0,"STOCK_NAME":"Submarino Safari"},{"STOCK_CODE":"XESTCIC1JG","proba":0.0,"STOCK_NAME":"Teleferico Exclusive"}]
[2021-11-24 17:03:12,379] [INFO] [app] [3337534723] execution time (msec): 488
[2021-11-24 17:03:12,380] [INFO] [_internal] 127.0.0.1 - - [24/Nov/2021 17:03:12] "[37mPOST /predict HTTP/1.1[0m" 200 -
